<?xml version="1.0" encoding="UTF-8"?>
<testsuite name="com.example.health.HealthApplicationTests" tests="1" skipped="0" failures="0" errors="0" timestamp="2023-10-17T15:38:38" hostname="DESKTOP-7N2DEPQ" time="0.865">
  <properties/>
  <testcase name="contextLoads()" classname="com.example.health.HealthApplicationTests" time="0.865"/>
  <system-out><![CDATA[00:38:30.791 [Test worker] INFO org.springframework.test.context.support.AnnotationConfigContextLoaderUtils -- Could not detect default configuration classes for test class [com.example.health.HealthApplicationTests]: HealthApplicationTests does not declare any static, non-private, non-final, nested classes annotated with @Configuration.
00:38:31.018 [Test worker] INFO org.springframework.boot.test.context.SpringBootTestContextBootstrapper -- Found @SpringBootConfiguration com.example.health.HealthApplication for test class com.example.health.HealthApplicationTests

  .   ____          _            __ _ _
 /\\ / ___'_ __ _ _(_)_ __  __ _ \ \ \ \
( ( )\___ | '_ | '_| | '_ \/ _` | \ \ \ \
 \\/  ___)| |_)| | | | | || (_| |  ) ) ) )
  '  |____| .__|_| |_|_| |_\__, | / / / /
 =========|_|==============|___/=/_/_/_/
 :: Spring Boot ::                (v3.1.3)

2023-10-18T00:38:32.064+09:00  INFO 25120 --- [    Test worker] c.example.health.HealthApplicationTests  : Starting HealthApplicationTests using Java 17.0.5 with PID 25120 (started by user in C:\Users\user\Desktop\Test\health)
2023-10-18T00:38:32.067+09:00  INFO 25120 --- [    Test worker] c.example.health.HealthApplicationTests  : No active profile set, falling back to 1 default profile: "default"
2023-10-18T00:38:33.325+09:00  INFO 25120 --- [    Test worker] .s.d.r.c.RepositoryConfigurationDelegate : Bootstrapping Spring Data JPA repositories in DEFAULT mode.
2023-10-18T00:38:33.439+09:00  INFO 25120 --- [    Test worker] .s.d.r.c.RepositoryConfigurationDelegate : Finished Spring Data repository scanning in 98 ms. Found 1 JPA repository interfaces.
2023-10-18T00:38:34.192+09:00  INFO 25120 --- [    Test worker] o.hibernate.jpa.internal.util.LogHelper  : HHH000204: Processing PersistenceUnitInfo [name: default]
2023-10-18T00:38:34.345+09:00  INFO 25120 --- [    Test worker] org.hibernate.Version                    : HHH000412: Hibernate ORM core version 6.2.7.Final
2023-10-18T00:38:34.351+09:00  INFO 25120 --- [    Test worker] org.hibernate.cfg.Environment            : HHH000406: Using bytecode reflection optimizer
2023-10-18T00:38:34.647+09:00  INFO 25120 --- [    Test worker] o.h.b.i.BytecodeProviderInitiator        : HHH000021: Bytecode provider name : bytebuddy
2023-10-18T00:38:34.903+09:00  INFO 25120 --- [    Test worker] o.s.o.j.p.SpringPersistenceUnitInfo      : No LoadTimeWeaver setup: ignoring JPA class transformer
2023-10-18T00:38:34.943+09:00  INFO 25120 --- [    Test worker] com.zaxxer.hikari.HikariDataSource       : HikariPool-1 - Starting...
2023-10-18T00:38:35.388+09:00  INFO 25120 --- [    Test worker] com.zaxxer.hikari.pool.HikariPool        : HikariPool-1 - Added connection conn0: url=jdbc:h2:mem:test user=SA
2023-10-18T00:38:35.391+09:00  INFO 25120 --- [    Test worker] com.zaxxer.hikari.HikariDataSource       : HikariPool-1 - Start completed.
2023-10-18T00:38:35.839+09:00  INFO 25120 --- [    Test worker] o.h.b.i.BytecodeProviderInitiator        : HHH000021: Bytecode provider name : bytebuddy
2023-10-18T00:38:36.803+09:00  INFO 25120 --- [    Test worker] o.h.e.t.j.p.i.JtaPlatformInitiator       : HHH000490: Using JtaPlatform implementation: [org.hibernate.engine.transaction.jta.platform.internal.NoJtaPlatform]
Hibernate: 
    drop table if exists health cascade 
Hibernate: 
    create table health (
        id bigint generated by default as identity,
        name varchar(255),
        primary key (id)
    )
2023-10-18T00:38:36.886+09:00  INFO 25120 --- [    Test worker] j.LocalContainerEntityManagerFactoryBean : Initialized JPA EntityManagerFactory for persistence unit 'default'
2023-10-18T00:38:37.698+09:00  WARN 25120 --- [    Test worker] JpaBaseConfiguration$JpaWebConfiguration : spring.jpa.open-in-view is enabled by default. Therefore, database queries may be performed during view rendering. Explicitly configure spring.jpa.open-in-view to disable this warning
2023-10-18T00:38:38.381+09:00  INFO 25120 --- [    Test worker] c.example.health.HealthApplicationTests  : Started HealthApplicationTests in 6.977 seconds (process running for 13.387)
]]></system-out>
  <system-err><![CDATA[]]></system-err>
</testsuite>
